# JRE version: OpenJDK Runtime Environment (8.0_112-b06) (build 1.8.0_112-release-b06)
# Java VM: OpenJDK 64-Bit Server VM (25.112-b06 mixed mode windows-amd64 compressed oops)
Heap:
 PSYoungGen      total 108544K, used 89165K [0x00000000e0000000, 0x00000000e8980000, 0x0000000100000000)
  eden space 93184K, 88% used [0x00000000e0000000,0x00000000e5067c60,0x00000000e5b00000)
  from space 15360K, 44% used [0x00000000e5b00000,0x00000000e61ab918,0x00000000e6a00000)
  to   space 14848K, 0% used [0x00000000e7b00000,0x00000000e7b00000,0x00000000e8980000)
 ParOldGen       total 150528K, used 69990K [0x00000000a0000000, 0x00000000a9300000, 0x00000000e0000000)
  object space 150528K, 46% used [0x00000000a0000000,0x00000000a4459bc0,0x00000000a9300000)
 Metaspace       used 81507K, capacity 89226K, committed 89344K, reserved 1128448K
  class space    used 10275K, capacity 11262K, committed 11264K, reserved 1048576K
GC Heap History (10 events):
Event: 21616.545 GC heap before
{Heap before GC invocations=100 (full 3):
 PSYoungGen      total 86016K, used 75777K [0x00000000e0000000, 0x00000000e6700000, 0x0000000100000000)
  eden space 68608K, 99% used [0x00000000e0000000,0x00000000e42ef608,0x00000000e4300000)
  from space 17408K, 41% used [0x00000000e5300000,0x00000000e5a10fc0,0x00000000e6400000)
  to   space 16384K, 0% used [0x00000000e4300000,0x00000000e4300000,0x00000000e5300000)
 ParOldGen       total 150528K, used 68698K [0x00000000a0000000, 0x00000000a9300000, 0x00000000e0000000)
  object space 150528K, 45% used [0x00000000a0000000,0x00000000a4316b90,0x00000000a9300000)
 Metaspace       used 81506K, capacity 89226K, committed 89344K, reserved 1128448K
  class space    used 10275K, capacity 11262K, committed 11264K, reserved 1048576K
Event: 21616.626 GC heap after
Heap after GC invocations=100 (full 3):
 PSYoungGen      total 84992K, used 12378K [0x00000000e0000000, 0x00000000e6d80000, 0x0000000100000000)
  eden space 68608K, 0% used [0x00000000e0000000,0x00000000e0000000,0x00000000e4300000)
  from space 16384K, 75% used [0x00000000e4300000,0x00000000e4f16b10,0x00000000e5300000)
  to   space 17408K, 0% used [0x00000000e5c80000,0x00000000e5c80000,0x00000000e6d80000)
 ParOldGen       total 150528K, used 68890K [0x00000000a0000000, 0x00000000a9300000, 0x00000000e0000000)
  object space 150528K, 45% used [0x00000000a0000000,0x00000000a4346b90,0x00000000a9300000)
 Metaspace       used 81506K, capacity 89226K, committed 89344K, reserved 1128448K
  class space    used 10275K, capacity 11262K, committed 11264K, reserved 1048576K
}
Event: 21616.662 GC heap before
{Heap before GC invocations=101 (full 3):
 PSYoungGen      total 84992K, used 80807K [0x00000000e0000000, 0x00000000e6d80000, 0x0000000100000000)
  eden space 68608K, 99% used [0x00000000e0000000,0x00000000e42d3380,0x00000000e4300000)
  from space 16384K, 75% used [0x00000000e4300000,0x00000000e4f16b10,0x00000000e5300000)
  to   space 17408K, 0% used [0x00000000e5c80000,0x00000000e5c80000,0x00000000e6d80000)
 ParOldGen       total 150528K, used 68890K [0x00000000a0000000, 0x00000000a9300000, 0x00000000e0000000)
  object space 150528K, 45% used [0x00000000a0000000,0x00000000a4346b90,0x00000000a9300000)
 Metaspace       used 81507K, capacity 89226K, committed 89344K, reserved 1128448K
  class space    used 10275K, capacity 11262K, committed 11264K, reserved 1048576K
Event: 21616.708 GC heap after
Heap after GC invocations=101 (full 3):
 PSYoungGen      total 95744K, used 8372K [0x00000000e0000000, 0x00000000e6f00000, 0x0000000100000000)
  eden space 78336K, 0% used [0x00000000e0000000,0x00000000e0000000,0x00000000e4c80000)
  from space 17408K, 48% used [0x00000000e5c80000,0x00000000e64ad2e8,0x00000000e6d80000)
  to   space 16384K, 0% used [0x00000000e4c80000,0x00000000e4c80000,0x00000000e5c80000)
 ParOldGen       total 150528K, used 69206K [0x00000000a0000000, 0x00000000a9300000, 0x00000000e0000000)
  object space 150528K, 45% used [0x00000000a0000000,0x00000000a4395ba0,0x00000000a9300000)
 Metaspace       used 81507K, capacity 89226K, committed 89344K, reserved 1128448K
  class space    used 10275K, capacity 11262K, committed 11264K, reserved 1048576K
}
Event: 21616.744 GC heap before
{Heap before GC invocations=102 (full 3):
 PSYoungGen      total 95744K, used 86345K [0x00000000e0000000, 0x00000000e6f00000, 0x0000000100000000)
  eden space 78336K, 99% used [0x00000000e0000000,0x00000000e4c25290,0x00000000e4c80000)
  from space 17408K, 48% used [0x00000000e5c80000,0x00000000e64ad2e8,0x00000000e6d80000)
  to   space 16384K, 0% used [0x00000000e4c80000,0x00000000e4c80000,0x00000000e5c80000)
 ParOldGen       total 150528K, used 69206K [0x00000000a0000000, 0x00000000a9300000, 0x00000000e0000000)
  object space 150528K, 45% used [0x00000000a0000000,0x00000000a4395ba0,0x00000000a9300000)
 Metaspace       used 81507K, capacity 89226K, committed 89344K, reserved 1128448K
  class space    used 10275K, capacity 11262K, committed 11264K, reserved 1048576K
Event: 21616.780 GC heap after
Heap after GC invocations=102 (full 3):
 PSYoungGen      total 94720K, used 8212K [0x00000000e0000000, 0x00000000e7a00000, 0x0000000100000000)
  eden space 78336K, 0% used [0x00000000e0000000,0x00000000e0000000,0x00000000e4c80000)
  from space 16384K, 50% used [0x00000000e4c80000,0x00000000e54852e8,0x00000000e5c80000)
  to   space 15872K, 0% used [0x00000000e6a80000,0x00000000e6a80000,0x00000000e7a00000)
 ParOldGen       total 150528K, used 69374K [0x00000000a0000000, 0x00000000a9300000, 0x00000000e0000000)
  object space 150528K, 46% used [0x00000000a0000000,0x00000000a43bfba0,0x00000000a9300000)
 Metaspace       used 81507K, capacity 89226K, committed 89344K, reserved 1128448K
  class space    used 10275K, capacity 11262K, committed 11264K, reserved 1048576K
}
Event: 21616.818 GC heap before
{Heap before GC invocations=103 (full 3):
 PSYoungGen      total 94720K, used 86315K [0x00000000e0000000, 0x00000000e7a00000, 0x0000000100000000)
  eden space 78336K, 99% used [0x00000000e0000000,0x00000000e4c45ca0,0x00000000e4c80000)
  from space 16384K, 50% used [0x00000000e4c80000,0x00000000e54852e8,0x00000000e5c80000)
  to   space 15872K, 0% used [0x00000000e6a80000,0x00000000e6a80000,0x00000000e7a00000)
 ParOldGen       total 150528K, used 69374K [0x00000000a0000000, 0x00000000a9300000, 0x00000000e0000000)
  object space 150528K, 46% used [0x00000000a0000000,0x00000000a43bfba0,0x00000000a9300000)
 Metaspace       used 81507K, capacity 89226K, committed 89344K, reserved 1128448K
  class space    used 10275K, capacity 11262K, committed 11264K, reserved 1048576K
Event: 21616.855 GC heap after
Heap after GC invocations=103 (full 3):
 PSYoungGen      total 108032K, used 7796K [0x00000000e0000000, 0x00000000e7900000, 0x0000000100000000)
  eden space 93184K, 0% used [0x00000000e0000000,0x00000000e0000000,0x00000000e5b00000)
  from space 14848K, 52% used [0x00000000e6a80000,0x00000000e721d0f8,0x00000000e7900000)
  to   space 15360K, 0% used [0x00000000e5b00000,0x00000000e5b00000,0x00000000e6a00000)
 ParOldGen       total 150528K, used 69742K [0x00000000a0000000, 0x00000000a9300000, 0x00000000e0000000)
  object space 150528K, 46% used [0x00000000a0000000,0x00000000a441bbb0,0x00000000a9300000)
 Metaspace       used 81507K, capacity 89226K, committed 89344K, reserved 1128448K
  class space    used 10275K, capacity 11262K, committed 11264K, reserved 1048576K
}
Event: 21616.891 GC heap before
{Heap before GC invocations=104 (full 3):
 PSYoungGen      total 108032K, used 100590K [0x00000000e0000000, 0x00000000e7900000, 0x0000000100000000)
  eden space 93184K, 99% used [0x00000000e0000000,0x00000000e5a9ea78,0x00000000e5b00000)
  from space 14848K, 52% used [0x00000000e6a80000,0x00000000e721d0f8,0x00000000e7900000)
  to   space 15360K, 0% used [0x00000000e5b00000,0x00000000e5b00000,0x00000000e6a00000)
 ParOldGen       total 150528K, used 69742K [0x00000000a0000000, 0x00000000a9300000, 0x00000000e0000000)
  object space 150528K, 46% used [0x00000000a0000000,0x00000000a441bbb0,0x00000000a9300000)
 Metaspace       used 81507K, capacity 89226K, committed 89344K, reserved 1128448K
  class space    used 10275K, capacity 11262K, committed 11264K, reserved 1048576K
Event: 21616.929 GC heap after
Heap after GC invocations=104 (full 3):
 PSYoungGen      total 108544K, used 6830K [0x00000000e0000000, 0x00000000e8980000, 0x0000000100000000)
  eden space 93184K, 0% used [0x00000000e0000000,0x00000000e0000000,0x00000000e5b00000)
  from space 15360K, 44% used [0x00000000e5b00000,0x00000000e61ab918,0x00000000e6a00000)
  to   space 14848K, 0% used [0x00000000e7b00000,0x00000000e7b00000,0x00000000e8980000)
 ParOldGen       total 150528K, used 69990K [0x00000000a0000000, 0x00000000a9300000, 0x00000000e0000000)
  object space 150528K, 46% used [0x00000000a0000000,0x00000000a4459bc0,0x00000000a9300000)
 Metaspace       used 81507K, capacity 89226K, committed 89344K, reserved 1128448K
  class space    used 10275K, capacity 11262K, committed 11264K, reserved 1048576K
}

